20:12:51 [INFO] Initializing application...
20:13:03 [INFO] Executing Stage 1: Category Baseline
20:13:06 [INFO] Executing Stage 2: User Profiling
20:13:08 [INFO] Executing Stage 3: Whale Product Analysis
20:13:12 [INFO] Executing Stage 4: Window Ranking Products
20:13:15 [INFO] Executing Stage 5: Final Aggregation
20:13:19 [INFO] Extracting advanced performance metrics...
20:13:21 [INFO] 
[Stage Overview] Total recorded: 61
20:13:21 [INFO]  -> [ID: 0] csv at NativeMethodAccessorImpl.java:0 | Tasks: 1 | R/W: 0.00MB / 0.00MB
20:13:21 [INFO]  -> [ID: 1] csv at NativeMethodAccessorImpl.java:0 | Tasks: 6 | R/W: 0.00MB / 0.00MB
20:13:21 [INFO]  -> [ID: 2] $anonfun$withThreadLocalCaptured$2 at CompletableFuture.java:1768 | Tasks: 6 | R/W: 0.00MB / 0.07MB
20:13:21 [INFO]  -> [ID: 4] $anonfun$withThreadLocalCaptured$2 at CompletableFuture.java:1768 | Tasks: 1 | R/W: 0.07MB / 0.00MB
20:13:21 [INFO]  -> [ID: 7] $anonfun$withThreadLocalCaptured$2 at CompletableFuture.java:1768 | Tasks: 1 | R/W: 0.00MB / 0.00MB
20:13:21 [INFO]  -> [ID: 8] $anonfun$withThreadLocalCaptured$2 at CompletableFuture.java:1768 | Tasks: 6 | R/W: 0.00MB / 2.53MB
20:13:21 [INFO]  -> [ID: 10] $anonfun$withThreadLocalCaptured$2 at CompletableFuture.java:1768 | Tasks: 2 | R/W: 2.53MB / 0.00MB
20:13:21 [INFO]  -> [ID: 13] $anonfun$withThreadLocalCaptured$2 at CompletableFuture.java:1768 | Tasks: 1 | R/W: 0.00MB / 0.00MB
20:13:21 [INFO]  -> [ID: 14] $anonfun$withThreadLocalCaptured$2 at CompletableFuture.java:1768 | Tasks: 6 | R/W: 0.00MB / 26.32MB
20:13:21 [INFO]  -> [ID: 15] $anonfun$withThreadLocalCaptured$2 at CompletableFuture.java:1768 | Tasks: 6 | R/W: 0.00MB / 4.24MB
20:13:21 [INFO]  -> [ID: 17] $anonfun$withThreadLocalCaptured$2 at CompletableFuture.java:1768 | Tasks: 4 | R/W: 4.24MB / 0.00MB
20:13:21 [INFO]  -> [ID: 19] $anonfun$withThreadLocalCaptured$2 at CompletableFuture.java:1768 | Tasks: 6 | R/W: 26.32MB / 1.82MB
20:13:21 [INFO]  -> [ID: 22] $anonfun$withThreadLocalCaptured$2 at CompletableFuture.java:1768 | Tasks: 1 | R/W: 1.82MB / 0.00MB
20:13:21 [INFO]  -> [ID: 26] $anonfun$withThreadLocalCaptured$2 at CompletableFuture.java:1768 | Tasks: 1 | R/W: 0.00MB / 0.00MB
20:13:21 [INFO]  -> [ID: 27] $anonfun$withThreadLocalCaptured$2 at CompletableFuture.java:1768 | Tasks: 6 | R/W: 0.00MB / 26.32MB
20:13:21 [INFO]  -> [ID: 28] $anonfun$withThreadLocalCaptured$2 at CompletableFuture.java:1768 | Tasks: 6 | R/W: 0.00MB / 4.24MB
20:13:21 [INFO]  -> [ID: 30] $anonfun$withThreadLocalCaptured$2 at CompletableFuture.java:1768 | Tasks: 4 | R/W: 4.24MB / 0.00MB
20:13:21 [INFO]  -> [ID: 32] $anonfun$withThreadLocalCaptured$2 at CompletableFuture.java:1768 | Tasks: 6 | R/W: 26.32MB / 2.52MB
20:13:21 [INFO]  -> [ID: 35] $anonfun$withThreadLocalCaptured$2 at CompletableFuture.java:1768 | Tasks: 2 | R/W: 2.52MB / 0.06MB
20:13:21 [INFO]  -> [ID: 39] $anonfun$withThreadLocalCaptured$2 at CompletableFuture.java:1768 | Tasks: 1 | R/W: 0.06MB / 0.00MB
20:13:21 [INFO]  -> [ID: 44] $anonfun$withThreadLocalCaptured$2 at CompletableFuture.java:1768 | Tasks: 1 | R/W: 0.00MB / 0.00MB
20:13:21 [INFO]  -> [ID: 45] $anonfun$withThreadLocalCaptured$2 at CompletableFuture.java:1768 | Tasks: 6 | R/W: 0.00MB / 26.32MB
20:13:21 [INFO]  -> [ID: 46] $anonfun$withThreadLocalCaptured$2 at CompletableFuture.java:1768 | Tasks: 6 | R/W: 0.00MB / 4.24MB
20:13:21 [INFO]  -> [ID: 47] $anonfun$withThreadLocalCaptured$2 at CompletableFuture.java:1768 | Tasks: 6 | R/W: 0.00MB / 0.16MB
20:13:21 [INFO]  -> [ID: 49] $anonfun$withThreadLocalCaptured$2 at CompletableFuture.java:1768 | Tasks: 4 | R/W: 4.24MB / 0.00MB
20:13:21 [INFO]  -> [ID: 51] $anonfun$withThreadLocalCaptured$2 at CompletableFuture.java:1768 | Tasks: 6 | R/W: 26.32MB / 2.52MB
20:13:21 [INFO]  -> [ID: 53] $anonfun$withThreadLocalCaptured$2 at CompletableFuture.java:1768 | Tasks: 1 | R/W: 0.16MB / 0.00MB
20:13:21 [INFO]  -> [ID: 56] $anonfun$withThreadLocalCaptured$2 at CompletableFuture.java:1768 | Tasks: 2 | R/W: 2.52MB / 0.08MB
20:13:21 [INFO]  -> [ID: 60] $anonfun$withThreadLocalCaptured$2 at CompletableFuture.java:1768 | Tasks: 1 | R/W: 0.08MB / 0.00MB
20:13:21 [INFO] 
[Job Overview] Success: 29 / Total: 29
20:13:21 [INFO]  -> [Job 0] Linked stages: [0] | csv at NativeMethodAccessorImpl.java:0
20:13:21 [INFO]  -> [Job 1] Linked stages: [1] | csv at NativeMethodAccessorImpl.java:0
20:13:21 [INFO]  -> [Job 2] Linked stages: [2] | $anonfun$withThreadLocalCaptured$2 at CompletableFuture.java:1768
20:13:21 [INFO]  -> [Job 3] Linked stages: [3, 4] | $anonfun$withThreadLocalCaptured$2 at CompletableFuture.java:1768
20:13:21 [INFO]  -> [Job 4] Linked stages: [5, 6, 7] | $anonfun$withThreadLocalCaptured$2 at CompletableFuture.java:1768
20:13:21 [INFO]  -> [Job 5] Linked stages: [8] | $anonfun$withThreadLocalCaptured$2 at CompletableFuture.java:1768
20:13:21 [INFO]  -> [Job 6] Linked stages: [9, 10] | $anonfun$withThreadLocalCaptured$2 at CompletableFuture.java:1768
20:13:21 [INFO]  -> [Job 7] Linked stages: [11, 12, 13] | $anonfun$withThreadLocalCaptured$2 at CompletableFuture.java:1768
20:13:21 [INFO]  -> [Job 8] Linked stages: [14] | $anonfun$withThreadLocalCaptured$2 at CompletableFuture.java:1768
20:13:21 [INFO]  -> [Job 9] Linked stages: [15] | $anonfun$withThreadLocalCaptured$2 at CompletableFuture.java:1768
20:13:21 [INFO]  -> [Job 10] Linked stages: [16, 17] | $anonfun$withThreadLocalCaptured$2 at CompletableFuture.java:1768
20:13:21 [INFO]  -> [Job 11] Linked stages: [18, 19] | $anonfun$withThreadLocalCaptured$2 at CompletableFuture.java:1768
20:13:21 [INFO]  -> [Job 12] Linked stages: [20, 21, 22] | $anonfun$withThreadLocalCaptured$2 at CompletableFuture.java:1768
20:13:21 [INFO]  -> [Job 13] Linked stages: [23, 24, 25, 26] | $anonfun$withThreadLocalCaptured$2 at CompletableFuture.java:1768
20:13:21 [INFO]  -> [Job 14] Linked stages: [27] | $anonfun$withThreadLocalCaptured$2 at CompletableFuture.java:1768
20:13:21 [INFO]  -> [Job 15] Linked stages: [28] | $anonfun$withThreadLocalCaptured$2 at CompletableFuture.java:1768
20:13:21 [INFO]  -> [Job 16] Linked stages: [29, 30] | $anonfun$withThreadLocalCaptured$2 at CompletableFuture.java:1768
20:13:21 [INFO]  -> [Job 17] Linked stages: [32, 31] | $anonfun$withThreadLocalCaptured$2 at CompletableFuture.java:1768
20:13:21 [INFO]  -> [Job 18] Linked stages: [33, 34, 35] | $anonfun$withThreadLocalCaptured$2 at CompletableFuture.java:1768
20:13:21 [INFO]  -> [Job 19] Linked stages: [36, 37, 38, 39] | $anonfun$withThreadLocalCaptured$2 at CompletableFuture.java:1768
20:13:21 [INFO]  -> [Job 20] Linked stages: [40, 41, 42, 43, 44] | $anonfun$withThreadLocalCaptured$2 at CompletableFuture.java:1768
20:13:21 [INFO]  -> [Job 21] Linked stages: [45] | $anonfun$withThreadLocalCaptured$2 at CompletableFuture.java:1768
20:13:21 [INFO]  -> [Job 22] Linked stages: [46] | $anonfun$withThreadLocalCaptured$2 at CompletableFuture.java:1768
20:13:21 [INFO]  -> [Job 23] Linked stages: [47] | $anonfun$withThreadLocalCaptured$2 at CompletableFuture.java:1768
20:13:21 [INFO]  -> [Job 24] Linked stages: [48, 49] | $anonfun$withThreadLocalCaptured$2 at CompletableFuture.java:1768
20:13:21 [INFO]  -> [Job 25] Linked stages: [50, 51] | $anonfun$withThreadLocalCaptured$2 at CompletableFuture.java:1768
20:13:21 [INFO]  -> [Job 26] Linked stages: [52, 53] | $anonfun$withThreadLocalCaptured$2 at CompletableFuture.java:1768
20:13:21 [INFO]  -> [Job 27] Linked stages: [54, 55, 56] | $anonfun$withThreadLocalCaptured$2 at CompletableFuture.java:1768
20:13:21 [INFO]  -> [Job 28] Linked stages: [57, 58, 59, 60] | $anonfun$withThreadLocalCaptured$2 at CompletableFuture.java:1768
20:13:21 [INFO] Pipeline '3Node_Opt-False' completed in 23.90s.
20:13:21 [INFO] Final Hardware & API Stats -> RAM Used: 84.8 MB | Jobs: 29 | Stages Done: 29/61 | Shuffle: 101.4MB (In) / 101.4MB (Out)
20:13:21 [INFO] Sleeping for 1 minute to allow UI check...
